#
# There is insufficient memory for the Java Runtime Environment to continue.
# Native memory allocation (mmap) failed to map 65011712 bytes for G1 virtual space
# Possible reasons:
#   The system is out of physical RAM or swap space
#   The process is running with CompressedOops enabled, and the Java Heap may be blocking the growth of the native heap
# Possible solutions:
#   Reduce memory load on the system
#   Increase physical memory or swap space
#   Check if swap backing store is full
#   Decrease Java heap size (-Xmx/-Xms)
#   Decrease number of Java threads
#   Decrease Java thread stack sizes (-Xss)
#   Set larger code cache with -XX:ReservedCodeCacheSize=
#   JVM is running with Unscaled Compressed Oops mode in which the Java heap is
#     placed in the first 4GB address space. The Java Heap base address is the
#     maximum limit for the native heap growth. Please use -XX:HeapBaseMinAddress
#     to set the Java Heap base and to place the Java Heap above 4GB virtual address.
# This output file may be truncated or incomplete.
#
#  Out of Memory Error (./open/src/hotspot/os/windows/os_windows.cpp:3321), pid=14036, tid=13956
#
# JRE version:  (15.0.2+7) (build )
# Java VM: OpenJDK 64-Bit Server VM (15.0.2+7-27, mixed mode, sharing, tiered, compressed oops, g1 gc, windows-amd64)
# No core dump will be written. Minidumps are not enabled by default on client versions of Windows
#

---------------  S U M M A R Y ------------

Command Line: -Dfile.encoding=UTF-8 -XX:+ShowCodeDetailsInExceptionMessages com.javaex.ex03.BookApp

Host: Intel(R) Celeron(R) J4105 CPU @ 1.50GHz, 4 cores, 3G,  Windows 10 , 64 bit Build 19041 (10.0.19041.1023)
Time: Mon Jul  5 23:50:11 2021 대한민국 표준시 elapsed time: 0.024316 seconds (0d 0h 0m 0s)

---------------  T H R E A D  ---------------

Current thread (0x000001b4ae29e590):  JavaThread "Unknown thread" [_thread_in_vm, id=13956, stack(0x0000009538a00000,0x0000009538b00000)]

Stack: [0x0000009538a00000,0x0000009538b00000]
Native frames: (J=compiled Java code, j=interpreted, Vv=VM code, C=native code)
V  [jvm.dll+0x62ae9a]
V  [jvm.dll+0x7817a9]
V  [jvm.dll+0x782f03]
V  [jvm.dll+0x783563]
V  [jvm.dll+0x216325]
V  [jvm.dll+0x6281d9]
V  [jvm.dll+0x61cf55]
V  [jvm.dll+0x2cffdd]
V  [jvm.dll+0x2cfe42]
V  [jvm.dll+0x2d5e1c]
V  [jvm.dll+0x32590a]
V  [jvm.dll+0x324fd4]
V  [jvm.dll+0x2a6f5a]
V  [jvm.dll+0x2a80f8]
V  [jvm.dll+0x75e241]
V  [jvm.dll+0x3341c4]
V  [jvm.dll+0x73e926]
V  [jvm.dll+0x3b7557]
V  [jvm.dll+0x3b8fe1]
C  [jli.dll+0x52fb]
C  [ucrtbase.dll+0x21bb2]
C  [KERNEL32.DLL+0x17034]
C  [ntdll.dll+0x52651]


---------------  P R O C E S S  ---------------

Threads class SMR info:
_java_thread_list=0x00007fff71af4ff0, length=0, elements={
}

Java Threads: ( => current thread )

Other Threads:
  0x000001b4ae2cf470 GCTaskThread "GC Thread#0" [stack: 0x0000009538b00000,0x0000009538c00000] [id=8772]
  0x000001b4ae2d8870 ConcurrentGCThread "G1 Main Marker" [stack: 0x0000009538c00000,0x0000009538d00000] [id=9184]
  0x000001b4ae2db2b0 ConcurrentGCThread "G1 Conc#0" [stack: 0x0000009538d00000,0x0000009538e00000] [id=13448]

[error occurred during error reporting (printing all threads), id 0xc0000005, EXCEPTION_ACCESS_VIOLATION (0xc0000005) at pc=0x00007fff712e7e27]

VM state: not at safepoint (not fully initialized)

VM Mutex/Monitor currently owned by a thread:  ([mutex/lock_event])
[0x000001b4ae29aed0] Heap_lock - owner thread: 0x000001b4ae29e590

Heap address: 0x00000000c2c00000, size: 980 MB, Compressed Oops mode: 32-bit
CDS archive(s) mapped at: [0x0000000000000000-0x0000000000000000-0x0000000000000000), size 0, SharedBaseAddress: 0x0000000800000000, ArchiveRelocationMode: 0.
Narrow klass base: 0x0000000000000000, Narrow klass shift: 0, Narrow klass range: 0x0

Heap:
 garbage-first heap   total 63488K, used 0K [0x00000000c2c00000, 0x0000000100000000)
  region size 1024K, 0 young (0K), 0 survivors (0K)
 Metaspace       used 0K, capacity 0K, committed 0K, reserved 0K
  class space    used 0K, capacity 0K, committed 0K, reserved 0K

Heap Regions: E=young(eden), S=young(survivor), O=old, HS=humongous(starts), HC=humongous(continues), CS=collection set, F=free, OA=open archive, CA=closed archive, TAMS=top-at-mark-start (previous, next)

Card table byte_map: [0x000001b4c0eb0000,0x000001b4c10a0000] _byte_map_base: 0x000001b4c089a000

Marking Bits (Prev, Next): (CMBitMap*) 0x000001b4ae2cfbf0, (CMBitMap*) 0x000001b4ae2cfc30
 Prev Bits: [0x000001b4c1290000, 0x000001b4c21e0000)
 Next Bits: [0x000001b4c21e0000, 0x000001b4c3130000)

GC Heap History (0 events):
No events

Deoptimization events (0 events):
No events

Classes unloaded (0 events):
No events

Classes redefined (0 events):
No events

Internal exceptions (0 events):
No events

Events (1 events):
Event: 0.012 Loaded shared library C:\Users\Hi-PC\Downloads\eclipse-jee-2021-03-R-win32-x86_64\eclipse\plugins\org.eclipse.justj.openjdk.hotspot.jre.full.win32.x86_64_15.0.2.v20210201-0955\jre\bin\java.dll


Dynamic libraries:
0x00007ff6e2920000 - 0x00007ff6e292d000 	C:\Users\Hi-PC\Downloads\eclipse-jee-2021-03-R-win32-x86_64\eclipse\plugins\org.eclipse.justj.openjdk.hotspot.jre.full.win32.x86_64_15.0.2.v20210201-0955\jre\bin\javaw.exe
0x00007fffacd30000 - 0x00007fffacf25000 	C:\WINDOWS\SYSTEM32\ntdll.dll
0x00007fffac580000 - 0x00007fffac63d000 	C:\WINDOWS\System32\KERNEL32.DLL
0x00007fffaa470000 - 0x00007fffaa738000 	C:\WINDOWS\System32\KERNELBASE.dll
0x00007fffaa7a0000 - 0x00007fffaa8a0000 	C:\WINDOWS\System32\ucrtbase.dll
0x00007fffa3df0000 - 0x00007fffa3e08000 	C:\Users\Hi-PC\Downloads\eclipse-jee-2021-03-R-win32-x86_64\eclipse\plugins\org.eclipse.justj.openjdk.hotspot.jre.full.win32.x86_64_15.0.2.v20210201-0955\jre\bin\jli.dll
0x00007fffa2090000 - 0x00007fffa20a9000 	C:\Users\Hi-PC\Downloads\eclipse-jee-2021-03-R-win32-x86_64\eclipse\plugins\org.eclipse.justj.openjdk.hotspot.jre.full.win32.x86_64_15.0.2.v20210201-0955\jre\bin\VCRUNTIME140.dll
0x00007fffac3e0000 - 0x00007fffac580000 	C:\WINDOWS\System32\USER32.dll
0x00007fffaa8a0000 - 0x00007fffaa8c2000 	C:\WINDOWS\System32\win32u.dll
0x00007fff9efd0000 - 0x00007fff9f26a000 	C:\WINDOWS\WinSxS\amd64_microsoft.windows.common-controls_6595b64144ccf1df_6.0.19041.1052_none_60b8f8fd71f5e8cb\COMCTL32.dll
0x00007fffabdc0000 - 0x00007fffabdea000 	C:\WINDOWS\System32\GDI32.dll
0x00007fffaae90000 - 0x00007fffaaf2e000 	C:\WINDOWS\System32\msvcrt.dll
0x00007fffaaa80000 - 0x00007fffaab8b000 	C:\WINDOWS\System32\gdi32full.dll
0x00007fffaab90000 - 0x00007fffaac2d000 	C:\WINDOWS\System32\msvcp_win.dll
0x00007fffaca10000 - 0x00007fffaca40000 	C:\WINDOWS\System32\IMM32.DLL
0x00007fffa5370000 - 0x00007fffa537c000 	C:\Users\Hi-PC\Downloads\eclipse-jee-2021-03-R-win32-x86_64\eclipse\plugins\org.eclipse.justj.openjdk.hotspot.jre.full.win32.x86_64_15.0.2.v20210201-0955\jre\bin\vcruntime140_1.dll
0x00007fff98520000 - 0x00007fff985b1000 	C:\Users\Hi-PC\Downloads\eclipse-jee-2021-03-R-win32-x86_64\eclipse\plugins\org.eclipse.justj.openjdk.hotspot.jre.full.win32.x86_64_15.0.2.v20210201-0955\jre\bin\msvcp140.dll
0x00007fff71030000 - 0x00007fff71b8e000 	C:\Users\Hi-PC\Downloads\eclipse-jee-2021-03-R-win32-x86_64\eclipse\plugins\org.eclipse.justj.openjdk.hotspot.jre.full.win32.x86_64_15.0.2.v20210201-0955\jre\bin\server\jvm.dll
0x00007fffac710000 - 0x00007fffac7bc000 	C:\WINDOWS\System32\ADVAPI32.dll
0x00007fffaca40000 - 0x00007fffacadb000 	C:\WINDOWS\System32\sechost.dll
0x00007fffab010000 - 0x00007fffab13b000 	C:\WINDOWS\System32\RPCRT4.dll
0x00007fffabdf0000 - 0x00007fffabdf8000 	C:\WINDOWS\System32\PSAPI.DLL
0x00007fffa3ee0000 - 0x00007fffa3ee9000 	C:\WINDOWS\SYSTEM32\WSOCK32.dll
0x00007fffac6a0000 - 0x00007fffac70b000 	C:\WINDOWS\System32\WS2_32.dll
0x00007fff9aeb0000 - 0x00007fff9aed7000 	C:\WINDOWS\SYSTEM32\WINMM.dll
0x00007fffa2880000 - 0x00007fffa288a000 	C:\WINDOWS\SYSTEM32\VERSION.dll
0x00007fffa8d90000 - 0x00007fffa8da2000 	C:\WINDOWS\SYSTEM32\kernel.appcore.dll
0x00007fffa1900000 - 0x00007fffa190a000 	C:\Users\Hi-PC\Downloads\eclipse-jee-2021-03-R-win32-x86_64\eclipse\plugins\org.eclipse.justj.openjdk.hotspot.jre.full.win32.x86_64_15.0.2.v20210201-0955\jre\bin\jimage.dll
0x00007fffa8a70000 - 0x00007fffa8c54000 	C:\WINDOWS\SYSTEM32\DBGHELP.DLL
0x00007fffa2f40000 - 0x00007fffa2f6c000 	C:\WINDOWS\SYSTEM32\dbgcore.DLL
0x00007fffaac30000 - 0x00007fffaacb3000 	C:\WINDOWS\System32\bcryptPrimitives.dll
0x00007fff90830000 - 0x00007fff90855000 	C:\Users\Hi-PC\Downloads\eclipse-jee-2021-03-R-win32-x86_64\eclipse\plugins\org.eclipse.justj.openjdk.hotspot.jre.full.win32.x86_64_15.0.2.v20210201-0955\jre\bin\java.dll

dbghelp: loaded successfully - version: 4.0.5 - missing functions: none
symbol engine: initialized successfully - sym options: 0x614 - pdb path: .;C:\Users\Hi-PC\Downloads\eclipse-jee-2021-03-R-win32-x86_64\eclipse\plugins\org.eclipse.justj.openjdk.hotspot.jre.full.win32.x86_64_15.0.2.v20210201-0955\jre\bin;C:\WINDOWS\SYSTEM32;C:\WINDOWS\WinSxS\amd64_microsoft.windows.common-controls_6595b64144ccf1df_6.0.19041.1052_none_60b8f8fd71f5e8cb;C:\Users\Hi-PC\Downloads\eclipse-jee-2021-03-R-win32-x86_64\eclipse\plugins\org.eclipse.justj.openjdk.hotspot.jre.full.win32.x86_64_15.0.2.v20210201-0955\jre\bin\server

VM Arguments:
jvm_args: -Dfile.encoding=UTF-8 -XX:+ShowCodeDetailsInExceptionMessages 
java_command: com.javaex.ex03.BookApp
java_class_path (initial): C:\Users\Hi-PC\Desktop\JavaStudy\JAVA\workspace\jdbc\bin;C:\oraclexe\app\oracle\product\11.2.0\server\jdbc\lib\ojdbc6.jar
Launcher Type: SUN_STANDARD

[Global flags]
     intx CICompilerCount                          = 3                                         {product} {ergonomic}
     uint ConcGCThreads                            = 1                                         {product} {ergonomic}
     uint G1ConcRefinementThreads                  = 4                                         {product} {ergonomic}
   size_t G1HeapRegionSize                         = 1048576                                   {product} {ergonomic}
    uintx GCDrainStackTargetSize                   = 64                                        {product} {ergonomic}
   size_t InitialHeapSize                          = 65011712                                  {product} {ergonomic}
   size_t MarkStackSize                            = 4194304                                   {product} {ergonomic}
   size_t MaxHeapSize                              = 1027604480                                {product} {ergonomic}
   size_t MinHeapDeltaBytes                        = 1048576                                   {product} {ergonomic}
   size_t MinHeapSize                              = 8388608                                   {product} {ergonomic}
    uintx NonNMethodCodeHeapSize                   = 5832780                                {pd product} {ergonomic}
    uintx NonProfiledCodeHeapSize                  = 122912730                              {pd product} {ergonomic}
    uintx ProfiledCodeHeapSize                     = 122912730                              {pd product} {ergonomic}
    uintx ReservedCodeCacheSize                    = 251658240                              {pd product} {ergonomic}
     bool SegmentedCodeCache                       = true                                      {product} {ergonomic}
     bool ShowCodeDetailsInExceptionMessages       = true                                   {manageable} {command line}
   size_t SoftMaxHeapSize                          = 1027604480                             {manageable} {ergonomic}
     bool UseCompressedClassPointers               = true                                 {lp64_product} {ergonomic}
     bool UseCompressedOops                        = true                                 {lp64_product} {ergonomic}
     bool UseG1GC                                  = true                                      {product} {ergonomic}
     bool UseLargePagesIndividualAllocation        = false                                  {pd product} {ergonomic}

Logging:
Log output configuration:
 #0: stdout all=warning uptime,level,tags
 #1: stderr all=off uptime,level,tags

Environment Variables:
PATH=C:/Users/Hi-PC/Downloads/eclipse-jee-2021-03-R-win32-x86_64/eclipse//plugins/org.eclipse.justj.openjdk.hotspot.jre.full.win32.x86_64_15.0.2.v20210201-0955/jre/bin/server;C:/Users/Hi-PC/Downloads/eclipse-jee-2021-03-R-win32-x86_64/eclipse//plugins/org.eclipse.justj.openjdk.hotspot.jre.full.win32.x86_64_15.0.2.v20210201-0955/jre/bin;C:\oraclexe\app\oracle\product\11.2.0\server\bin;;C:\Program Files (x86)\Common Files\Oracle\Java\javapath;C:\WINDOWS\system32;C:\WINDOWS;C:\WINDOWS\System32\Wbem;C:\WINDOWS\System32\WindowsPowerShell\v1.0\;C:\WINDOWS\System32\OpenSSH\;C:\Users\Hi-PC\AppData\Local\Microsoft\WindowsApps;C:\Program Files\Bandizip\;C:\Users\Hi-PC\Downloads\eclipse-jee-2021-03-R-win32-x86_64\eclipse;
USERNAME=Hi-PC
OS=Windows_NT
PROCESSOR_IDENTIFIER=Intel64 Family 6 Model 122 Stepping 1, GenuineIntel



---------------  S Y S T E M  ---------------

OS:
 Windows 10 , 64 bit Build 19041 (10.0.19041.1023)
OS uptime: 14 days 6:21 hours

CPU: total 4 (initial active 4) (4 cores per cpu, 1 threads per core) family 6 model 122 stepping 1 microcode 0x2e, cmov, cx8, fxsr, mmx, sse, sse2, sse3, ssse3, sse4.1, sse4.2, popcnt, aes, clmul, erms, 3dnowpref, tsc, tscinvbit, sha, clflush, clflushopt

Memory: 4k page, system-wide physical 3916M (383M free)
TotalPageFile size 10369M (AvailPageFile size 23M)
current process WorkingSet (physical memory assigned to process): 9M, peak: 9M
current process commit charge ("private bytes"): 51M, peak: 113M

vm_info: OpenJDK 64-Bit Server VM (15.0.2+7-27) for windows-amd64 JRE (15.0.2+7-27), built on Dec  7 2020 20:02:38 by "mach5one" with unknown MS VC++:1925

END.
